SF:lib\views\view_signin.dart
DA:14,2
DA:16,2
DA:17,2
DA:23,2
DA:25,4
DA:27,2
DA:28,2
DA:29,2
DA:30,2
DA:33,2
DA:34,2
DA:36,2
DA:37,2
DA:38,3
DA:39,2
DA:41,2
DA:42,2
DA:43,2
DA:45,2
DA:47,2
DA:58,1
DA:59,2
DA:60,1
DA:61,2
LF:24
LH:24
end_of_record
SF:lib\components\buttons\app_button_submit.dart
DA:11,2
DA:16,2
DA:18,2
DA:19,2
DA:20,2
DA:21,2
DA:22,2
DA:23,2
LF:8
LH:8
end_of_record
SF:lib\components\buttons\app_button_switch.dart
DA:12,2
DA:18,2
DA:20,2
DA:22,2
DA:23,4
DA:24,6
DA:26,2
LF:7
LH:7
end_of_record
SF:lib\components\fields\app_field_email.dart
DA:11,2
DA:13,2
DA:15,2
DA:16,2
DA:17,4
DA:18,2
DA:19,2
DA:21,2
LF:8
LH:8
end_of_record
SF:lib\consts\validations.dart
DA:4,4
DA:5,2
LF:2
LH:2
end_of_record
SF:lib\utils\validations.dart
DA:4,2
DA:5,4
LF:2
LH:2
end_of_record
SF:lib\components\fields\app_field_first_name.dart
DA:10,1
DA:12,1
DA:14,1
DA:15,1
DA:16,2
DA:17,1
DA:18,1
LF:7
LH:7
end_of_record
SF:lib\components\fields\app_field_last_name.dart
DA:10,1
DA:12,1
DA:14,1
DA:15,1
DA:16,2
DA:17,1
DA:18,1
LF:7
LH:7
end_of_record
SF:lib\components\fields\app_field_phone.dart
DA:11,2
DA:13,2
DA:15,2
DA:16,2
DA:18,2
DA:19,2
DA:21,4
DA:22,2
DA:23,2
LF:9
LH:9
end_of_record
SF:lib\components\forms\app_form_login.dart
DA:12,2
DA:14,2
DA:15,2
DA:22,2
DA:24,2
DA:25,2
DA:26,2
DA:27,2
DA:28,2
DA:29,2
DA:30,4
DA:31,4
DA:37,1
DA:38,3
DA:39,2
DA:40,1
LF:16
LH:16
end_of_record
SF:lib\components\forms\app_form_registration.dart
DA:14,1
DA:16,1
DA:17,1
DA:24,1
DA:26,1
DA:27,1
DA:28,1
DA:29,1
DA:30,1
DA:31,1
DA:32,1
DA:33,1
DA:34,2
DA:35,3
DA:41,1
DA:42,3
DA:43,2
DA:44,1
LF:18
LH:18
end_of_record
